<?xml version="1.0" encoding="UTF-8"?>
<!-- Generated by org.testng.reporters.JUnitReportReporter -->
<testsuite skipped="0" hostname="user-PC" name="sampleGitTest.SampleGitTest" tests="1" failures="0" timestamp="17 Mar 2019 12:36:17 GMT" time="15.450" errors="0">
  <testcase name="loginTest" time="15.450" classname="sampleGitTest.SampleGitTest"/>
</testsuite> <!-- sampleGitTest.SampleGitTest -->
