<?xml version="1.0" encoding="UTF-8"?>
<!-- Generated by org.testng.reporters.JUnitReportReporter -->
<testsuite skipped="0" hostname="user-PC" name="sampleGitTest.SampleGitTest2" tests="1" failures="0" timestamp="17 Mar 2019 12:36:17 GMT" time="12.538" errors="0">
  <testcase name="loginTest" time="12.538" classname="sampleGitTest.SampleGitTest2"/>
</testsuite> <!-- sampleGitTest.SampleGitTest2 -->
